Build started 2017/12/28 14:00:16.
     1>Project "D:\用户目录\Documents\Visual Studio 2010\Projects\LeetCode\LeetCode\LeetCode.vcxproj" on node 2 (build target(s)).
     1>InitializeBuildStatus:
         Touching "Debug\LeetCode.unsuccessfulbuild".
       ClCompile:
         All outputs are up-to-date.
       ManifestResourceCompile:
         All outputs are up-to-date.
       Link:
         D:\VS2010\VC\bin\link.exe /ERRORREPORT:PROMPT /OUT:"D:\用户目录\Documents\Visual Studio 2010\Projects\LeetCode\Debug\LeetCode.exe" /INCREMENTAL /NOLOGO kernel32.lib user32.lib gdi32.lib winspool.lib comdlg32.lib advapi32.lib shell32.lib ole32.lib oleaut32.lib uuid.lib odbc32.lib odbccp32.lib /MANIFEST /ManifestFile:"Debug\LeetCode.exe.intermediate.manifest" /MANIFESTUAC:"level='asInvoker' uiAccess='false'" /DEBUG /PDB:"D:\用户目录\Documents\Visual Studio 2010\Projects\LeetCode\Debug\LeetCode.pdb" /SUBSYSTEM:CONSOLE /TLBID:1 /DYNAMICBASE /NXCOMPAT /IMPLIB:"D:\用户目录\Documents\Visual Studio 2010\Projects\LeetCode\Debug\LeetCode.lib" /MACHINE:X86 Debug\LeetCode.exe.embed.manifest.res
         Debug\Recursive.obj
       Manifest:
         C:\Program Files\Microsoft SDKs\Windows\v7.0A\bin\mt.exe /nologo /verbose /out:"Debug\LeetCode.exe.embed.manifest" /manifest Debug\LeetCode.exe.intermediate.manifest
         All outputs are up-to-date.
       LinkEmbedManifest:
         All outputs are up-to-date.
         LeetCode.vcxproj -> D:\用户目录\Documents\Visual Studio 2010\Projects\LeetCode\Debug\LeetCode.exe
       FinalizeBuildStatus:
         Deleting file "Debug\LeetCode.unsuccessfulbuild".
         Touching "Debug\LeetCode.lastbuildstate".
     1>Done Building Project "D:\用户目录\Documents\Visual Studio 2010\Projects\LeetCode\LeetCode\LeetCode.vcxproj" (build target(s)).

Build succeeded.

Time Elapsed 00:00:00.41
