D:\用户目录\Documents\Visual Studio 2010\Projects\LeetCode\Debug\LeetCode.pdb
D:\用户目录\DOCUMENTS\VISUAL STUDIO 2010\PROJECTS\LEETCODE\LEETCODE\DEBUG\3SUM_CLOSEST.OBJ
D:\用户目录\DOCUMENTS\VISUAL STUDIO 2010\PROJECTS\LEETCODE\LEETCODE\DEBUG\4SUM.OBJ
D:\用户目录\Documents\Visual Studio 2010\Projects\LeetCode\LeetCode\Debug\cl.command.1.tlog
D:\用户目录\Documents\Visual Studio 2010\Projects\LeetCode\LeetCode\Debug\CL.read.1.tlog
D:\用户目录\Documents\Visual Studio 2010\Projects\LeetCode\LeetCode\Debug\CL.write.1.tlog
D:\用户目录\DOCUMENTS\VISUAL STUDIO 2010\PROJECTS\LEETCODE\LEETCODE\DEBUG\LEETCODE.EXE.EMBED.MANIFEST
D:\用户目录\DOCUMENTS\VISUAL STUDIO 2010\PROJECTS\LEETCODE\LEETCODE\DEBUG\LEETCODE.EXE.EMBED.MANIFEST.RES
D:\用户目录\Documents\Visual Studio 2010\Projects\LeetCode\LeetCode\Debug\LeetCode.exe.intermediate.manifest
D:\用户目录\Documents\Visual Studio 2010\Projects\LeetCode\LeetCode\Debug\LeetCode.vcxprojResolveAssemblyReference.cache
D:\用户目录\Documents\Visual Studio 2010\Projects\LeetCode\LeetCode\Debug\LeetCode.write.1.tlog
D:\用户目录\Documents\Visual Studio 2010\Projects\LeetCode\LeetCode\Debug\LeetCode_manifest.rc
D:\用户目录\Documents\Visual Studio 2010\Projects\LeetCode\LeetCode\Debug\link.476.read.1.tlog
D:\用户目录\Documents\Visual Studio 2010\Projects\LeetCode\LeetCode\Debug\link.476.write.1.tlog
D:\用户目录\Documents\Visual Studio 2010\Projects\LeetCode\LeetCode\Debug\link.476-cvtres.read.1.tlog
D:\用户目录\Documents\Visual Studio 2010\Projects\LeetCode\LeetCode\Debug\link.476-cvtres.write.1.tlog
D:\用户目录\Documents\Visual Studio 2010\Projects\LeetCode\LeetCode\Debug\link.5908.read.1.tlog
D:\用户目录\Documents\Visual Studio 2010\Projects\LeetCode\LeetCode\Debug\link.5908.write.1.tlog
D:\用户目录\Documents\Visual Studio 2010\Projects\LeetCode\LeetCode\Debug\link.5908-cvtres.read.1.tlog
D:\用户目录\Documents\Visual Studio 2010\Projects\LeetCode\LeetCode\Debug\link.5908-cvtres.write.1.tlog
D:\用户目录\Documents\Visual Studio 2010\Projects\LeetCode\LeetCode\Debug\link.7644.read.1.tlog
D:\用户目录\Documents\Visual Studio 2010\Projects\LeetCode\LeetCode\Debug\link.7644.write.1.tlog
D:\用户目录\Documents\Visual Studio 2010\Projects\LeetCode\LeetCode\Debug\link.7644-cvtres.read.1.tlog
D:\用户目录\Documents\Visual Studio 2010\Projects\LeetCode\LeetCode\Debug\link.7644-cvtres.write.1.tlog
D:\用户目录\Documents\Visual Studio 2010\Projects\LeetCode\LeetCode\Debug\link.8240.read.1.tlog
D:\用户目录\Documents\Visual Studio 2010\Projects\LeetCode\LeetCode\Debug\link.8240.write.1.tlog
D:\用户目录\Documents\Visual Studio 2010\Projects\LeetCode\LeetCode\Debug\link.8240-cvtres.read.1.tlog
D:\用户目录\Documents\Visual Studio 2010\Projects\LeetCode\LeetCode\Debug\link.8240-cvtres.write.1.tlog
D:\用户目录\Documents\Visual Studio 2010\Projects\LeetCode\LeetCode\Debug\link.9548.read.1.tlog
D:\用户目录\Documents\Visual Studio 2010\Projects\LeetCode\LeetCode\Debug\link.9548.write.1.tlog
D:\用户目录\Documents\Visual Studio 2010\Projects\LeetCode\LeetCode\Debug\link.9548-cvtres.read.1.tlog
D:\用户目录\Documents\Visual Studio 2010\Projects\LeetCode\LeetCode\Debug\link.9548-cvtres.write.1.tlog
D:\用户目录\Documents\Visual Studio 2010\Projects\LeetCode\LeetCode\Debug\link.9928.read.1.tlog
D:\用户目录\Documents\Visual Studio 2010\Projects\LeetCode\LeetCode\Debug\link.9928.write.1.tlog
D:\用户目录\Documents\Visual Studio 2010\Projects\LeetCode\LeetCode\Debug\link.9928-cvtres.read.1.tlog
D:\用户目录\Documents\Visual Studio 2010\Projects\LeetCode\LeetCode\Debug\link.9928-cvtres.write.1.tlog
D:\用户目录\Documents\Visual Studio 2010\Projects\LeetCode\LeetCode\Debug\link.9980.read.1.tlog
D:\用户目录\Documents\Visual Studio 2010\Projects\LeetCode\LeetCode\Debug\link.9980.write.1.tlog
D:\用户目录\Documents\Visual Studio 2010\Projects\LeetCode\LeetCode\Debug\link.9980-cvtres.read.1.tlog
D:\用户目录\Documents\Visual Studio 2010\Projects\LeetCode\LeetCode\Debug\link.9980-cvtres.write.1.tlog
D:\用户目录\Documents\Visual Studio 2010\Projects\LeetCode\LeetCode\Debug\link.command.1.tlog
D:\用户目录\Documents\Visual Studio 2010\Projects\LeetCode\LeetCode\Debug\link.read.1.tlog
D:\用户目录\Documents\Visual Studio 2010\Projects\LeetCode\LeetCode\Debug\link.write.1.tlog
D:\用户目录\Documents\Visual Studio 2010\Projects\LeetCode\LeetCode\Debug\link-cvtres.read.1.tlog
D:\用户目录\Documents\Visual Studio 2010\Projects\LeetCode\LeetCode\Debug\link-cvtres.write.1.tlog
D:\用户目录\Documents\Visual Studio 2010\Projects\LeetCode\LeetCode\Debug\mt.command.1.tlog
D:\用户目录\Documents\Visual Studio 2010\Projects\LeetCode\LeetCode\Debug\mt.read.1.tlog
D:\用户目录\Documents\Visual Studio 2010\Projects\LeetCode\LeetCode\Debug\mt.write.1.tlog
D:\用户目录\DOCUMENTS\VISUAL STUDIO 2010\PROJECTS\LEETCODE\LEETCODE\DEBUG\NEXT_PERMUTATION.OBJ
D:\用户目录\Documents\Visual Studio 2010\Projects\LeetCode\LeetCode\Debug\rc.command.1.tlog
D:\用户目录\Documents\Visual Studio 2010\Projects\LeetCode\LeetCode\Debug\rc.read.1.tlog
D:\用户目录\Documents\Visual Studio 2010\Projects\LeetCode\LeetCode\Debug\rc.write.1.tlog
D:\用户目录\DOCUMENTS\VISUAL STUDIO 2010\PROJECTS\LEETCODE\LEETCODE\DEBUG\REMOVE_DUPLICATES_FROM_SORTED_ARRAY.OBJ
D:\用户目录\DOCUMENTS\VISUAL STUDIO 2010\PROJECTS\LEETCODE\LEETCODE\DEBUG\SEARCH_FOR_A_RANGE.OBJ
D:\用户目录\DOCUMENTS\VISUAL STUDIO 2010\PROJECTS\LEETCODE\LEETCODE\DEBUG\SEARCH_IN_ROTATED_SORTED_ARRAY.OBJ
D:\用户目录\Documents\Visual Studio 2010\Projects\LeetCode\LeetCode\Debug\vc100.idb
D:\用户目录\DOCUMENTS\VISUAL STUDIO 2010\PROJECTS\LEETCODE\LEETCODE\DEBUG\VC100.PDB
